[12-Mar-2026 23:39:04 UTC] PHP Warning:  Undefined array key "host" in /workspaces/UX308Assignment2/.wordpress/wp-includes/pluggable.php on line 1721
[13-Mar-2026 14:43:27 UTC] PHP Warning:  Undefined variable $parent_theme_name in /workspaces/UX308Assignment2/.wordpress/wp-content/mu-plugins/one-click-child-theme/templates/create_child_form.php on line 18
[13-Mar-2026 14:54:22 UTC] PHP Parse error:  Unclosed '(' on line 15 does not match '}' in /workspaces/UX308Assignment2/.wordpress/wp-content/themes/senor-salsa/functions.php on line 16
[13-Mar-2026 14:54:22 UTC] PHP Warning:  Trying to access array offset on false in /workspaces/UX308Assignment2/.wordpress/wp-includes/class-wp-recovery-mode-email-service.php on line 367
[13-Mar-2026 14:54:22 UTC] PHP Warning:  Trying to access array offset on false in /workspaces/UX308Assignment2/.wordpress/wp-includes/class-wp-recovery-mode-email-service.php on line 368
[13-Mar-2026 14:54:22 UTC] PHP Fatal error:  Uncaught Error: Call to undefined function ic_string_contains() in /workspaces/UX308Assignment2/.wordpress/wp-content/plugins/ecommerce-product-catalog/includes/tracking.php:467
Stack trace:
#0 /workspaces/UX308Assignment2/.wordpress/wp-includes/class-wp-hook.php(341): IC_EPC_Tracking->paused_plugin_report_email(Array, 'http://localhos...')
#1 /workspaces/UX308Assignment2/.wordpress/wp-includes/plugin.php(205): WP_Hook->apply_filters(Array, Array)
#2 /workspaces/UX308Assignment2/.wordpress/wp-includes/class-wp-recovery-mode-email-service.php(223): apply_filters('recovery_mode_e...', Array, 'http://localhos...')
#3 /workspaces/UX308Assignment2/.wordpress/wp-includes/class-wp-recovery-mode-email-service.php(62): WP_Recovery_Mode_Email_Service->send_recovery_mode_email(86400, Array, Array)
#4 /workspaces/UX308Assignment2/.wordpress/wp-includes/class-wp-recovery-mode.php(185): WP_Recovery_Mode_Email_Service->maybe_send_recovery_mode_email(86400, Array, Array)
#5 /workspaces/UX308Assignment2/.wordpress/wp-includes/class-wp-fatal-error-handler.php(55): WP_Recovery_Mode->handle_error(Array)
#6 [internal function]: WP_Fatal_Error_Handler->handle()
#7 {main}
  thrown in /workspaces/UX308Assignment2/.wordpress/wp-content/plugins/ecommerce-product-catalog/includes/tracking.php on line 467
[13-Mar-2026 14:54:31 UTC] PHP Parse error:  Unclosed '(' on line 15 does not match '}' in /workspaces/UX308Assignment2/.wordpress/wp-content/themes/senor-salsa/functions.php on line 16
[13-Mar-2026 14:56:01 UTC] PHP Parse error:  Unclosed '(' on line 15 does not match '}' in /workspaces/UX308Assignment2/.wordpress/wp-content/themes/senor-salsa/functions.php on line 16
[13-Mar-2026 14:56:24 UTC] PHP Parse error:  Unclosed '(' on line 15 does not match '}' in /workspaces/UX308Assignment2/.wordpress/wp-content/themes/senor-salsa/functions.php on line 16
[13-Mar-2026 14:56:32 UTC] PHP Parse error:  Unclosed '(' on line 15 does not match '}' in /workspaces/UX308Assignment2/.wordpress/wp-content/themes/senor-salsa/functions.php on line 16
[13-Mar-2026 14:57:24 UTC] PHP Parse error:  Unclosed '(' on line 15 does not match '}' in /workspaces/UX308Assignment2/.wordpress/wp-content/themes/senor-salsa/functions.php on line 16
[13-Mar-2026 14:57:50 UTC] PHP Parse error:  Unclosed '(' on line 15 does not match '}' in /workspaces/UX308Assignment2/.wordpress/wp-content/themes/senor-salsa/functions.php on line 16
[13-Mar-2026 14:57:53 UTC] PHP Parse error:  Unclosed '(' on line 15 does not match '}' in /workspaces/UX308Assignment2/.wordpress/wp-content/themes/senor-salsa/functions.php on line 16
[13-Mar-2026 14:57:57 UTC] PHP Parse error:  Unclosed '(' on line 15 does not match '}' in /workspaces/UX308Assignment2/.wordpress/wp-content/themes/senor-salsa/functions.php on line 16
[13-Mar-2026 14:57:57 UTC] PHP Parse error:  Unclosed '(' on line 15 does not match '}' in /workspaces/UX308Assignment2/.wordpress/wp-content/themes/senor-salsa/functions.php on line 16
[13-Mar-2026 14:58:01 UTC] PHP Parse error:  Unclosed '(' on line 15 does not match '}' in /workspaces/UX308Assignment2/.wordpress/wp-content/themes/senor-salsa/functions.php on line 16
[13-Mar-2026 14:58:02 UTC] PHP Parse error:  Unclosed '(' on line 15 does not match '}' in /workspaces/UX308Assignment2/.wordpress/wp-content/themes/senor-salsa/functions.php on line 16
[13-Mar-2026 14:58:33 UTC] PHP Parse error:  Unclosed '(' on line 15 does not match '}' in /workspaces/UX308Assignment2/.wordpress/wp-content/themes/senor-salsa/functions.php on line 16
[13-Mar-2026 14:58:39 UTC] PHP Parse error:  Unclosed '(' on line 15 does not match '}' in /workspaces/UX308Assignment2/.wordpress/wp-content/themes/senor-salsa/functions.php on line 16
[13-Mar-2026 14:58:41 UTC] PHP Parse error:  Unclosed '(' on line 15 does not match '}' in /workspaces/UX308Assignment2/.wordpress/wp-content/themes/senor-salsa/functions.php on line 16
[13-Mar-2026 14:58:43 UTC] PHP Parse error:  Unclosed '(' on line 15 does not match '}' in /workspaces/UX308Assignment2/.wordpress/wp-content/themes/senor-salsa/functions.php on line 16
[13-Mar-2026 14:58:45 UTC] PHP Parse error:  Unclosed '(' on line 15 does not match '}' in /workspaces/UX308Assignment2/.wordpress/wp-content/themes/senor-salsa/functions.php on line 16
[13-Mar-2026 14:58:49 UTC] PHP Parse error:  Unclosed '(' on line 15 does not match '}' in /workspaces/UX308Assignment2/.wordpress/wp-content/themes/senor-salsa/functions.php on line 16
[13-Mar-2026 15:00:45 UTC] PHP Parse error:  Unclosed '(' on line 15 does not match '}' in /workspaces/UX308Assignment2/.wordpress/wp-content/themes/senor-salsa/functions.php on line 16
[13-Mar-2026 15:00:51 UTC] PHP Parse error:  Unclosed '(' on line 15 does not match '}' in /workspaces/UX308Assignment2/.wordpress/wp-content/themes/senor-salsa/functions.php on line 16
